# JRE version: Java(TM) SE Runtime Environment (21.0.9+7) (build 21.0.9+7-LTS-338)
# Java VM: Java HotSpot(TM) 64-Bit Server VM (21.0.9+7-LTS-338, mixed mode, sharing, tiered, compressed oops, compressed class ptrs, g1 gc, windows-amd64)
GC Precious Log:
 CardTable entry size: 512
 Card Set container configuration: InlinePtr #cards 4 size 8 Array Of Cards #cards 16 size 48 Howl #buckets 8 coarsen threshold 3686 Howl Bitmap #cards 512 size 80 coarsen threshold 460 Card regions per heap region 1 cards per card region 4096
 CPUs: 12 total, 12 available
 Memory: 15742M
 Large Page Support: Disabled
 NUMA Support: Disabled
 Compressed Oops: Enabled (Zero based)
 Heap Region Size: 2M
 Heap Min Capacity: 8M
 Heap Initial Capacity: 246M
 Heap Max Capacity: 3936M
 Pre-touch: Disabled
 Parallel Workers: 10
 Concurrent Workers: 3
 Concurrent Refinement Workers: 10
 Periodic GC: Disabled
Heap:
 garbage-first heap   total 57344K, used 38920K [0x000000070a000000, 0x0000000800000000)
  region size 2048K, 10 young (20480K), 2 survivors (4096K)
 Metaspace       used 53592K, committed 54208K, reserved 1114112K
  class space    used 6148K, committed 6400K, reserved 1048576K
GC Heap History (20 events):
Event: 0.580 GC heap before
{Heap before GC invocations=0 (full 0):
 garbage-first heap   total 251904K, used 28672K [0x000000070a000000, 0x0000000800000000)
  region size 2048K, 11 young (22528K), 0 survivors (0K)
 Metaspace       used 8537K, committed 8832K, reserved 1114112K
  class space    used 950K, committed 1088K, reserved 1048576K
}
Event: 0.583 GC heap after
{Heap after GC invocations=1 (full 0):
 garbage-first heap   total 251904K, used 8192K [0x000000070a000000, 0x0000000800000000)
  region size 2048K, 2 young (4096K), 2 survivors (4096K)
 Metaspace       used 8537K, committed 8832K, reserved 1114112K
  class space    used 950K, committed 1088K, reserved 1048576K
}
Event: 1.141 GC heap before
{Heap before GC invocations=1 (full 0):
 garbage-first heap   total 251904K, used 40960K [0x000000070a000000, 0x0000000800000000)
  region size 2048K, 18 young (36864K), 2 survivors (4096K)
 Metaspace       used 20962K, committed 21184K, reserved 1114112K
  class space    used 2256K, committed 2368K, reserved 1048576K
}
Event: 1.145 GC heap after
{Heap after GC invocations=2 (full 0):
 garbage-first heap   total 251904K, used 10775K [0x000000070a000000, 0x0000000800000000)
  region size 2048K, 2 young (4096K), 2 survivors (4096K)
 Metaspace       used 20962K, committed 21184K, reserved 1114112K
  class space    used 2256K, committed 2368K, reserved 1048576K
}
Event: 1.154 GC heap before
{Heap before GC invocations=2 (full 0):
 garbage-first heap   total 251904K, used 10775K [0x000000070a000000, 0x0000000800000000)
  region size 2048K, 3 young (6144K), 2 survivors (4096K)
 Metaspace       used 21249K, committed 21504K, reserved 1114112K
  class space    used 2281K, committed 2432K, reserved 1048576K
}
Event: 1.155 GC heap after
{Heap after GC invocations=3 (full 0):
 garbage-first heap   total 251904K, used 10739K [0x000000070a000000, 0x0000000800000000)
  region size 2048K, 2 young (4096K), 2 survivors (4096K)
 Metaspace       used 21249K, committed 21504K, reserved 1114112K
  class space    used 2281K, committed 2432K, reserved 1048576K
}
Event: 16.572 GC heap before
{Heap before GC invocations=4 (full 0):
 garbage-first heap   total 49152K, used 47603K [0x000000070a000000, 0x0000000800000000)
  region size 2048K, 20 young (40960K), 2 survivors (4096K)
 Metaspace       used 29295K, committed 29696K, reserved 1114112K
  class space    used 3286K, committed 3456K, reserved 1048576K
}
Event: 16.576 GC heap after
{Heap after GC invocations=5 (full 0):
 garbage-first heap   total 57344K, used 14911K [0x000000070a000000, 0x0000000800000000)
  region size 2048K, 4 young (8192K), 4 survivors (8192K)
 Metaspace       used 29295K, committed 29696K, reserved 1114112K
  class space    used 3286K, committed 3456K, reserved 1048576K
}
Event: 16.822 GC heap before
{Heap before GC invocations=5 (full 0):
 garbage-first heap   total 57344K, used 39487K [0x000000070a000000, 0x0000000800000000)
  region size 2048K, 16 young (32768K), 4 survivors (8192K)
 Metaspace       used 33971K, committed 34304K, reserved 1114112K
  class space    used 3919K, committed 4032K, reserved 1048576K
}
Event: 16.825 GC heap after
{Heap after GC invocations=6 (full 0):
 garbage-first heap   total 57344K, used 16905K [0x000000070a000000, 0x0000000800000000)
  region size 2048K, 2 young (4096K), 2 survivors (4096K)
 Metaspace       used 33971K, committed 34304K, reserved 1114112K
  class space    used 3919K, committed 4032K, reserved 1048576K
}
Event: 16.988 GC heap before
{Heap before GC invocations=6 (full 0):
 garbage-first heap   total 57344K, used 37385K [0x000000070a000000, 0x0000000800000000)
  region size 2048K, 13 young (26624K), 2 survivors (4096K)
 Metaspace       used 35576K, committed 35968K, reserved 1114112K
  class space    used 4099K, committed 4224K, reserved 1048576K
}
Event: 16.990 GC heap after
{Heap after GC invocations=7 (full 0):
 garbage-first heap   total 57344K, used 16948K [0x000000070a000000, 0x0000000800000000)
  region size 2048K, 2 young (4096K), 2 survivors (4096K)
 Metaspace       used 35576K, committed 35968K, reserved 1114112K
  class space    used 4099K, committed 4224K, reserved 1048576K
}
Event: 17.402 GC heap before
{Heap before GC invocations=8 (full 0):
 garbage-first heap   total 57344K, used 45620K [0x000000070a000000, 0x0000000800000000)
  region size 2048K, 16 young (32768K), 2 survivors (4096K)
 Metaspace       used 38721K, committed 39168K, reserved 1114112K
  class space    used 4611K, committed 4800K, reserved 1048576K
}
Event: 17.404 GC heap after
{Heap after GC invocations=9 (full 0):
 garbage-first heap   total 57344K, used 17968K [0x000000070a000000, 0x0000000800000000)
  region size 2048K, 2 young (4096K), 2 survivors (4096K)
 Metaspace       used 38721K, committed 39168K, reserved 1114112K
  class space    used 4611K, committed 4800K, reserved 1048576K
}
Event: 123.979 GC heap before
{Heap before GC invocations=9 (full 0):
 garbage-first heap   total 57344K, used 44592K [0x000000070a000000, 0x0000000800000000)
  region size 2048K, 16 young (32768K), 2 survivors (4096K)
 Metaspace       used 44684K, committed 45184K, reserved 1114112K
  class space    used 5204K, committed 5440K, reserved 1048576K
}
Event: 123.982 GC heap after
{Heap after GC invocations=10 (full 0):
 garbage-first heap   total 57344K, used 19480K [0x000000070a000000, 0x0000000800000000)
  region size 2048K, 2 young (4096K), 2 survivors (4096K)
 Metaspace       used 44684K, committed 45184K, reserved 1114112K
  class space    used 5204K, committed 5440K, reserved 1048576K
}
Event: 146.669 GC heap before
{Heap before GC invocations=10 (full 0):
 garbage-first heap   total 57344K, used 44056K [0x000000070a000000, 0x0000000800000000)
  region size 2048K, 15 young (30720K), 2 survivors (4096K)
 Metaspace       used 49031K, committed 49664K, reserved 1114112K
  class space    used 5699K, committed 6016K, reserved 1048576K
}
Event: 146.672 GC heap after
{Heap after GC invocations=11 (full 0):
 garbage-first heap   total 57344K, used 22633K [0x000000070a000000, 0x0000000800000000)
  region size 2048K, 2 young (4096K), 2 survivors (4096K)
 Metaspace       used 49031K, committed 49664K, reserved 1114112K
  class space    used 5699K, committed 6016K, reserved 1048576K
}
Event: 228.161 GC heap before
{Heap before GC invocations=11 (full 0):
 garbage-first heap   total 57344K, used 45161K [0x000000070a000000, 0x0000000800000000)
  region size 2048K, 14 young (28672K), 2 survivors (4096K)
 Metaspace       used 52758K, committed 53376K, reserved 1114112K
  class space    used 6128K, committed 6400K, reserved 1048576K
}
Event: 228.163 GC heap after
{Heap after GC invocations=12 (full 0):
 garbage-first heap   total 57344K, used 26632K [0x000000070a000000, 0x0000000800000000)
  region size 2048K, 2 young (4096K), 2 survivors (4096K)
 Metaspace       used 52758K, committed 53376K, reserved 1114112K
  class space    used 6128K, committed 6400K, reserved 1048576K
}

