# JRE version: Java(TM) SE Runtime Environment (21.0.9+7) (build 21.0.9+7-LTS-338)
# Java VM: Java HotSpot(TM) 64-Bit Server VM (21.0.9+7-LTS-338, mixed mode, sharing, tiered, compressed oops, compressed class ptrs, g1 gc, windows-amd64)
GC Precious Log:
 CardTable entry size: 512
 Card Set container configuration: InlinePtr #cards 4 size 8 Array Of Cards #cards 16 size 48 Howl #buckets 8 coarsen threshold 3686 Howl Bitmap #cards 512 size 80 coarsen threshold 460 Card regions per heap region 1 cards per card region 4096
 CPUs: 12 total, 12 available
 Memory: 15742M
 Large Page Support: Disabled
 NUMA Support: Disabled
 Compressed Oops: Enabled (Zero based)
 Heap Region Size: 2M
 Heap Min Capacity: 8M
 Heap Initial Capacity: 246M
 Heap Max Capacity: 3936M
 Pre-touch: Disabled
 Parallel Workers: 10
 Concurrent Workers: 3
 Concurrent Refinement Workers: 10
 Periodic GC: Disabled
Heap:
 garbage-first heap   total 69632K, used 37051K [0x000000070a000000, 0x0000000800000000)
  region size 2048K, 6 young (12288K), 2 survivors (4096K)
 Metaspace       used 55850K, committed 56448K, reserved 1114112K
  class space    used 6387K, committed 6656K, reserved 1048576K
GC Heap History (20 events):
Event: 0.341 GC heap before
{Heap before GC invocations=0 (full 0):
 garbage-first heap   total 251904K, used 28672K [0x000000070a000000, 0x0000000800000000)
  region size 2048K, 11 young (22528K), 0 survivors (0K)
 Metaspace       used 5239K, committed 5440K, reserved 1114112K
  class space    used 529K, committed 640K, reserved 1048576K
}
Event: 0.343 GC heap after
{Heap after GC invocations=1 (full 0):
 garbage-first heap   total 251904K, used 7168K [0x000000070a000000, 0x0000000800000000)
  region size 2048K, 2 young (4096K), 2 survivors (4096K)
 Metaspace       used 5239K, committed 5440K, reserved 1114112K
  class space    used 529K, committed 640K, reserved 1048576K
}
Event: 0.760 GC heap before
{Heap before GC invocations=1 (full 0):
 garbage-first heap   total 251904K, used 41984K [0x000000070a000000, 0x0000000800000000)
  region size 2048K, 20 young (40960K), 2 survivors (4096K)
 Metaspace       used 14614K, committed 14848K, reserved 1114112K
  class space    used 1579K, committed 1664K, reserved 1048576K
}
Event: 0.763 GC heap after
{Heap after GC invocations=2 (full 0):
 garbage-first heap   total 251904K, used 10632K [0x000000070a000000, 0x0000000800000000)
  region size 2048K, 3 young (6144K), 3 survivors (6144K)
 Metaspace       used 14614K, committed 14848K, reserved 1114112K
  class space    used 1579K, committed 1664K, reserved 1048576K
}
Event: 1.016 GC heap before
{Heap before GC invocations=2 (full 0):
 garbage-first heap   total 251904K, used 27016K [0x000000070a000000, 0x0000000800000000)
  region size 2048K, 12 young (24576K), 3 survivors (6144K)
 Metaspace       used 21275K, committed 21504K, reserved 1114112K
  class space    used 2286K, committed 2432K, reserved 1048576K
}
Event: 1.019 GC heap after
{Heap after GC invocations=3 (full 0):
 garbage-first heap   total 251904K, used 12652K [0x000000070a000000, 0x0000000800000000)
  region size 2048K, 4 young (8192K), 4 survivors (8192K)
 Metaspace       used 21275K, committed 21504K, reserved 1114112K
  class space    used 2286K, committed 2432K, reserved 1048576K
}
Event: 16.948 GC heap before
{Heap before GC invocations=4 (full 0):
 garbage-first heap   total 55296K, used 53612K [0x000000070a000000, 0x0000000800000000)
  region size 2048K, 24 young (49152K), 4 survivors (8192K)
 Metaspace       used 30830K, committed 31104K, reserved 1114112K
  class space    used 3453K, committed 3584K, reserved 1048576K
}
Event: 16.953 GC heap after
{Heap after GC invocations=5 (full 0):
 garbage-first heap   total 69632K, used 17541K [0x000000070a000000, 0x0000000800000000)
  region size 2048K, 7 young (14336K), 7 survivors (14336K)
 Metaspace       used 30830K, committed 31104K, reserved 1114112K
  class space    used 3453K, committed 3584K, reserved 1048576K
}
Event: 17.187 GC heap before
{Heap before GC invocations=5 (full 0):
 garbage-first heap   total 69632K, used 42117K [0x000000070a000000, 0x0000000800000000)
  region size 2048K, 20 young (40960K), 7 survivors (14336K)
 Metaspace       used 35044K, committed 35520K, reserved 1114112K
  class space    used 4021K, committed 4224K, reserved 1048576K
}
Event: 17.192 GC heap after
{Heap after GC invocations=6 (full 0):
 garbage-first heap   total 69632K, used 19800K [0x000000070a000000, 0x0000000800000000)
  region size 2048K, 2 young (4096K), 2 survivors (4096K)
 Metaspace       used 35044K, committed 35520K, reserved 1114112K
  class space    used 4021K, committed 4224K, reserved 1048576K
}
Event: 17.267 GC heap before
{Heap before GC invocations=6 (full 0):
 garbage-first heap   total 69632K, used 34136K [0x000000070a000000, 0x0000000800000000)
  region size 2048K, 10 young (20480K), 2 survivors (4096K)
 Metaspace       used 35539K, committed 35968K, reserved 1114112K
  class space    used 4068K, committed 4288K, reserved 1048576K
}
Event: 17.268 GC heap after
{Heap after GC invocations=7 (full 0):
 garbage-first heap   total 69632K, used 18978K [0x000000070a000000, 0x0000000800000000)
  region size 2048K, 2 young (4096K), 2 survivors (4096K)
 Metaspace       used 35539K, committed 35968K, reserved 1114112K
  class space    used 4068K, committed 4288K, reserved 1048576K
}
Event: 17.779 GC heap before
{Heap before GC invocations=8 (full 0):
 garbage-first heap   total 69632K, used 55842K [0x000000070a000000, 0x0000000800000000)
  region size 2048K, 20 young (40960K), 2 survivors (4096K)
 Metaspace       used 39689K, committed 40192K, reserved 1114112K
  class space    used 4700K, committed 4928K, reserved 1048576K
}
Event: 17.781 GC heap after
{Heap after GC invocations=9 (full 0):
 garbage-first heap   total 69632K, used 19872K [0x000000070a000000, 0x0000000800000000)
  region size 2048K, 2 young (4096K), 2 survivors (4096K)
 Metaspace       used 39689K, committed 40192K, reserved 1114112K
  class space    used 4700K, committed 4928K, reserved 1048576K
}
Event: 39.170 GC heap before
{Heap before GC invocations=9 (full 0):
 garbage-first heap   total 69632K, used 54688K [0x000000070a000000, 0x0000000800000000)
  region size 2048K, 20 young (40960K), 2 survivors (4096K)
 Metaspace       used 46278K, committed 46784K, reserved 1114112K
  class space    used 5345K, committed 5568K, reserved 1048576K
}
Event: 39.173 GC heap after
{Heap after GC invocations=10 (full 0):
 garbage-first heap   total 69632K, used 22725K [0x000000070a000000, 0x0000000800000000)
  region size 2048K, 3 young (6144K), 3 survivors (6144K)
 Metaspace       used 46278K, committed 46784K, reserved 1114112K
  class space    used 5345K, committed 5568K, reserved 1048576K
}
Event: 48.635 GC heap before
{Heap before GC invocations=10 (full 0):
 garbage-first heap   total 69632K, used 53445K [0x000000070a000000, 0x0000000800000000)
  region size 2048K, 19 young (38912K), 3 survivors (6144K)
 Metaspace       used 52625K, committed 53184K, reserved 1114112K
  class space    used 6116K, committed 6400K, reserved 1048576K
}
Event: 48.639 GC heap after
{Heap after GC invocations=11 (full 0):
 garbage-first heap   total 69632K, used 27950K [0x000000070a000000, 0x0000000800000000)
  region size 2048K, 3 young (6144K), 3 survivors (6144K)
 Metaspace       used 52625K, committed 53184K, reserved 1114112K
  class space    used 6116K, committed 6400K, reserved 1048576K
}
Event: 128.431 GC heap before
{Heap before GC invocations=11 (full 0):
 garbage-first heap   total 69632K, used 54574K [0x000000070a000000, 0x0000000800000000)
  region size 2048K, 16 young (32768K), 3 survivors (6144K)
 Metaspace       used 54912K, committed 55552K, reserved 1114112K
  class space    used 6299K, committed 6592K, reserved 1048576K
}
Event: 128.434 GC heap after
{Heap after GC invocations=12 (full 0):
 garbage-first heap   total 69632K, used 30907K [0x000000070a000000, 0x0000000800000000)
  region size 2048K, 2 young (4096K), 2 survivors (4096K)
 Metaspace       used 54912K, committed 55552K, reserved 1114112K
  class space    used 6299K, committed 6592K, reserved 1048576K
}

